  CatmullRom.cpp
C:\Users\stefa\Documents\Year 3 Computer Science\Graphics Design\TrainGame\Template2022\Source\OpenGLTemplate\CatmullRom.cpp(325,60): warning C4267: 'argument': conversion from 'size_t' to 'GLsizei', possible loss of data
C:\Users\stefa\Documents\Year 3 Computer Science\Graphics Design\TrainGame\Template2022\Source\OpenGLTemplate\CatmullRom.cpp(333,61): warning C4267: 'argument': conversion from 'size_t' to 'GLsizei', possible loss of data
C:\Users\stefa\Documents\Year 3 Computer Science\Graphics Design\TrainGame\Template2022\Source\OpenGLTemplate\CatmullRom.cpp(337,60): warning C4267: 'argument': conversion from 'size_t' to 'GLsizei', possible loss of data
C:\Users\stefa\Documents\Year 3 Computer Science\Graphics Design\TrainGame\Template2022\Source\OpenGLTemplate\CatmullRom.cpp(345,95): warning C4267: 'argument': conversion from 'size_t' to 'GLsizei', possible loss of data
  Game.cpp
C:\Users\stefa\Documents\Year 3 Computer Science\Graphics Design\TrainGame\Template2022\Source\OpenGLTemplate\Game.cpp(90,22): warning C4305: '=': truncation from 'double' to 'float'
C:\Users\stefa\Documents\Year 3 Computer Science\Graphics Design\TrainGame\Template2022\Source\OpenGLTemplate\Game.cpp(473,43): warning C4244: '+=': conversion from 'double' to 'float', possible loss of data
C:\Users\stefa\Documents\Year 3 Computer Science\Graphics Design\TrainGame\Template2022\Source\OpenGLTemplate\Game.cpp(530,28): warning C4244: '+=': conversion from 'double' to 'float', possible loss of data
C:\Users\stefa\Documents\Year 3 Computer Science\Graphics Design\TrainGame\Template2022\Source\OpenGLTemplate\Game.cpp(533,24): warning C4305: '=': truncation from 'double' to 'float'
C:\Users\stefa\Documents\Year 3 Computer Science\Graphics Design\TrainGame\Template2022\Source\OpenGLTemplate\Game.cpp(535,23): warning C4305: '=': truncation from 'double' to 'float'
C:\Users\stefa\Documents\Year 3 Computer Science\Graphics Design\TrainGame\Template2022\Source\OpenGLTemplate\Game.cpp(690,24): warning C4305: '+=': truncation from 'double' to 'float'
C:\Users\stefa\Documents\Year 3 Computer Science\Graphics Design\TrainGame\Template2022\Source\OpenGLTemplate\Game.cpp(693,24): warning C4305: '-=': truncation from 'double' to 'float'
C:\Users\stefa\Documents\Year 3 Computer Science\Graphics Design\TrainGame\Template2022\Source\OpenGLTemplate\Game.cpp(737,21): warning C4244: 'return': conversion from 'WPARAM' to 'int', possible loss of data
     Creating library C:\Users\stefa\Documents\Year 3 Computer Science\Graphics Design\TrainGame\Template2022\Source\x64\Release\OpenGLTemplate.lib and object C:\Users\stefa\Documents\Year 3 Computer Science\Graphics Design\TrainGame\Template2022\Source\x64\Release\OpenGLTemplate.exp
  Generating code
  2 of 1094 functions ( 0.2%) were compiled, the rest were copied from previous compilation.
    0 functions were new in current compilation
    5 functions had inline decision re-evaluated but remain unchanged
  Finished generating code
  OpenGLTemplate.vcxproj -> C:\Users\stefa\Documents\Year 3 Computer Science\Graphics Design\TrainGame\Template2022\Source\x64\Release\OpenGLTemplate.exe
